  main.cpp
  Info: Boost.Config is older than your compiler version - probably nothing bad will happen - but you may wish to look for an update Boost version.  Define BOOST_CONFIG_SUPPRESS_OUTDATED_MESSAGE to suppress this message.
d:\my_github_repos\code_practice\advance_concepts\file_handeling_and_data_serilization\boost_serialization\boost_serialization\main.cpp(21): warning C4076: 'unsigned': cannot be used with type 'float'
d:\my_github_repos\code_practice\advance_concepts\file_handeling_and_data_serilization\boost_serialization\boost_serialization\main.cpp(23): error C2955: 'boost::serialization::version': use of class template requires template argument list
  c:\program files\boost\boost_1_66_0\boost\serialization\version.hpp(37): note: see declaration of 'boost::serialization::version'
  c:\program files\boost\boost_1_66_0\boost\serialization\access.hpp(116): note: see reference to function template instantiation 'void Info::serialize<Archive>(Archive &,const unsigned int)' being compiled
          with
          [
              Archive=boost::archive::binary_iarchive
          ]
  c:\program files\boost\boost_1_66_0\boost\serialization\serialization.hpp(68): note: see reference to function template instantiation 'void boost::serialization::access::serialize<Archive,T>(Archive &,T &,const unsigned int)' being compiled
          with
          [
              Archive=boost::archive::binary_iarchive,
              T=Info
          ]
  c:\program files\boost\boost_1_66_0\boost\serialization\serialization.hpp(126): note: see reference to function template instantiation 'void boost::serialization::serialize<Archive,T>(Archive &,T &,const unsigned int)' being compiled
          with
          [
              Archive=boost::archive::binary_iarchive,
              T=Info
          ]
  c:\program files\boost\boost_1_66_0\boost\archive\detail\iserializer.hpp(193): note: see reference to function template instantiation 'void boost::serialization::serialize_adl<Archive,T>(Archive &,T &,const unsigned int)' being compiled
          with
          [
              Archive=boost::archive::binary_iarchive,
              T=Info
          ]
  c:\program files\boost\boost_1_66_0\boost\archive\detail\iserializer.hpp(171): note: while compiling class template member function 'void boost::archive::detail::iserializer<Archive,T>::load_object_data(boost::archive::detail::basic_iarchive &,void *,const unsigned int) const'
          with
          [
              Archive=boost::archive::binary_iarchive,
              T=Info
          ]
  c:\program files\boost\boost_1_66_0\boost\archive\detail\iserializer.hpp(416): note: see reference to class template instantiation 'boost::archive::detail::iserializer<Archive,T>' being compiled
          with
          [
              Archive=boost::archive::binary_iarchive,
              T=Info
          ]
  c:\program files\boost\boost_1_66_0\boost\archive\detail\iserializer.hpp(463): note: see reference to function template instantiation 'void boost::archive::detail::load_non_pointer_type<Archive>::load_standard::invoke<T>(Archive &,const T &)' being compiled
          with
          [
              Archive=boost::archive::binary_iarchive,
              T=Info
          ]
  c:\program files\boost\boost_1_66_0\boost\archive\detail\iserializer.hpp(463): note: see reference to function template instantiation 'void boost::archive::detail::load_non_pointer_type<Archive>::load_standard::invoke<T>(Archive &,const T &)' being compiled
          with
          [
              Archive=boost::archive::binary_iarchive,
              T=Info
          ]
  c:\program files\boost\boost_1_66_0\boost\archive\detail\iserializer.hpp(626): note: see reference to function template instantiation 'void boost::archive::detail::load_non_pointer_type<Archive>::invoke<T>(Archive &,T &)' being compiled
          with
          [
              Archive=boost::archive::binary_iarchive,
              T=Info
          ]
  c:\program files\boost\boost_1_66_0\boost\archive\detail\iserializer.hpp(626): note: see reference to function template instantiation 'void boost::archive::detail::load_non_pointer_type<Archive>::invoke<T>(Archive &,T &)' being compiled
          with
          [
              Archive=boost::archive::binary_iarchive,
              T=Info
          ]
  c:\program files\boost\boost_1_66_0\boost\archive\detail\common_iarchive.hpp(67): note: see reference to function template instantiation 'void boost::archive::load<Archive,T>(Archive &,T &)' being compiled
          with
          [
              Archive=boost::archive::binary_iarchive,
              T=Info
          ]
  c:\program files\boost\boost_1_66_0\boost\archive\basic_binary_iarchive.hpp(75): note: see reference to function template instantiation 'void boost::archive::detail::common_iarchive<Archive>::load_override<T>(T &)' being compiled
          with
          [
              Archive=boost::archive::binary_iarchive,
              T=Info
          ]
  c:\program files\boost\boost_1_66_0\boost\archive\basic_binary_iarchive.hpp(75): note: see reference to function template instantiation 'void boost::archive::detail::common_iarchive<Archive>::load_override<T>(T &)' being compiled
          with
          [
              Archive=boost::archive::binary_iarchive,
              T=Info
          ]
  c:\program files\boost\boost_1_66_0\boost\archive\binary_iarchive_impl.hpp(58): note: see reference to function template instantiation 'void boost::archive::basic_binary_iarchive<Archive>::load_override<T>(T &)' being compiled
          with
          [
              Archive=boost::archive::binary_iarchive,
              T=Info
          ]
  c:\program files\boost\boost_1_66_0\boost\archive\binary_iarchive_impl.hpp(58): note: see reference to function template instantiation 'void boost::archive::basic_binary_iarchive<Archive>::load_override<T>(T &)' being compiled
          with
          [
              Archive=boost::archive::binary_iarchive,
              T=Info
          ]
  c:\program files\boost\boost_1_66_0\boost\archive\detail\interface_iarchive.hpp(68): note: see reference to function template instantiation 'void boost::archive::binary_iarchive_impl<boost::archive::binary_iarchive,char,std::char_traits<char>>::load_override<T>(T &)' being compiled
          with
          [
              T=Info
          ]
  c:\program files\boost\boost_1_66_0\boost\archive\detail\interface_iarchive.hpp(68): note: see reference to function template instantiation 'void boost::archive::binary_iarchive_impl<boost::archive::binary_iarchive,char,std::char_traits<char>>::load_override<T>(T &)' being compiled
          with
          [
              T=Info
          ]
  c:\program files\boost\boost_1_66_0\boost\serialization\nvp.hpp(74): note: see reference to function template instantiation 'Archive &boost::archive::detail::interface_iarchive<Archive>::operator >><T>(T &)' being compiled
          with
          [
              Archive=boost::archive::binary_iarchive,
              T=Info
          ]
  c:\program files\boost\boost_1_66_0\boost\serialization\nvp.hpp(74): note: see reference to function template instantiation 'Archive &boost::archive::detail::interface_iarchive<Archive>::operator >><T>(T &)' being compiled
          with
          [
              Archive=boost::archive::binary_iarchive,
              T=Info
          ]
  c:\program files\boost\boost_1_66_0\boost\serialization\access.hpp(99): note: see reference to function template instantiation 'void boost::serialization::nvp<Info>::load<Archive>(Archive &,const unsigned int)' being compiled
          with
          [
              Archive=boost::archive::binary_iarchive
          ]
  c:\program files\boost\boost_1_66_0\boost\serialization\access.hpp(99): note: see reference to function template instantiation 'void boost::serialization::nvp<Info>::load<Archive>(Archive &,const unsigned int)' being compiled
          with
          [
              Archive=boost::archive::binary_iarchive
          ]
  c:\program files\boost\boost_1_66_0\boost\serialization\split_member.hpp(54): note: see reference to function template instantiation 'void boost::serialization::access::member_load<Archive,T>(Archive &,T &,const unsigned int)' being compiled
          with
          [
              Archive=boost::archive::binary_iarchive,
              T=boost::serialization::nvp<Info>
          ]
  c:\program files\boost\boost_1_66_0\boost\serialization\split_member.hpp(53): note: while compiling class template member function 'void boost::serialization::detail::member_loader<Archive,T>::invoke(Archive &,T &,const unsigned int)'
          with
          [
              Archive=boost::archive::binary_iarchive,
              T=boost::serialization::nvp<Info>
          ]
  c:\program files\boost\boost_1_66_0\boost\serialization\split_member.hpp(69): note: see reference to function template instantiation 'void boost::serialization::detail::member_loader<Archive,T>::invoke(Archive &,T &,const unsigned int)' being compiled
          with
          [
              Archive=boost::archive::binary_iarchive,
              T=boost::serialization::nvp<Info>
          ]
  c:\program files\boost\boost_1_66_0\boost\serialization\split_member.hpp(69): note: see reference to class template instantiation 'boost::serialization::detail::member_loader<Archive,T>' being compiled
          with
          [
              Archive=boost::archive::binary_iarchive,
              T=boost::serialization::nvp<Info>
          ]
  c:\program files\boost\boost_1_66_0\boost\serialization\nvp.hpp(76): note: see reference to function template instantiation 'void boost::serialization::split_member<Archive,boost::serialization::nvp<Info>>(Archive &,T &,const unsigned int)' being compiled
          with
          [
              Archive=boost::archive::binary_iarchive,
              T=boost::serialization::nvp<Info>
          ]
  c:\program files\boost\boost_1_66_0\boost\serialization\access.hpp(116): note: see reference to function template instantiation 'void boost::serialization::nvp<Info>::serialize<Archive>(Archive &,const unsigned int)' being compiled
          with
          [
              Archive=boost::archive::binary_iarchive
          ]
  c:\program files\boost\boost_1_66_0\boost\serialization\access.hpp(116): note: see reference to function template instantiation 'void boost::serialization::nvp<Info>::serialize<Archive>(Archive &,const unsigned int)' being compiled
          with
          [
              Archive=boost::archive::binary_iarchive
          ]
  c:\program files\boost\boost_1_66_0\boost\serialization\serialization.hpp(68): note: see reference to function template instantiation 'void boost::serialization::access::serialize<Archive,T>(Archive &,T &,const unsigned int)' being compiled
          with
          [
              Archive=boost::archive::binary_iarchive,
              T=const boost::serialization::nvp<Info>
          ]
  c:\program files\boost\boost_1_66_0\boost\serialization\serialization.hpp(126): note: see reference to function template instantiation 'void boost::serialization::serialize<Archive,T>(Archive &,T &,const unsigned int)' being compiled
          with
          [
              Archive=boost::archive::binary_iarchive,
              T=const boost::serialization::nvp<Info>
          ]
  c:\program files\boost\boost_1_66_0\boost\archive\detail\iserializer.hpp(401): note: see reference to function template instantiation 'void boost::serialization::serialize_adl<Archive,T>(Archive &,T &,const unsigned int)' being compiled
          with
          [
              Archive=boost::archive::binary_iarchive,
              T=const boost::serialization::nvp<Info>
          ]
  c:\program files\boost\boost_1_66_0\boost\archive\detail\iserializer.hpp(463): note: see reference to function template instantiation 'void boost::archive::detail::load_non_pointer_type<Archive>::load_only::invoke<const T>(Archive &,const T &)' being compiled
          with
          [
              Archive=boost::archive::binary_iarchive,
              T=const boost::serialization::nvp<Info>
          ]
  c:\program files\boost\boost_1_66_0\boost\archive\detail\iserializer.hpp(463): note: see reference to function template instantiation 'void boost::archive::detail::load_non_pointer_type<Archive>::load_only::invoke<const T>(Archive &,const T &)' being compiled
          with
          [
              Archive=boost::archive::binary_iarchive,
              T=const boost::serialization::nvp<Info>
          ]
  c:\program files\boost\boost_1_66_0\boost\archive\detail\iserializer.hpp(626): note: see reference to function template instantiation 'void boost::archive::detail::load_non_pointer_type<Archive>::invoke<T>(Archive &,T &)' being compiled
          with
          [
              Archive=boost::archive::binary_iarchive,
              T=const boost::serialization::nvp<Info>
          ]
  c:\program files\boost\boost_1_66_0\boost\archive\detail\iserializer.hpp(626): note: see reference to function template instantiation 'void boost::archive::detail::load_non_pointer_type<Archive>::invoke<T>(Archive &,T &)' being compiled
          with
          [
              Archive=boost::archive::binary_iarchive,
              T=const boost::serialization::nvp<Info>
          ]
  c:\program files\boost\boost_1_66_0\boost\archive\detail\common_iarchive.hpp(67): note: see reference to function template instantiation 'void boost::archive::load<Archive,T>(Archive &,T &)' being compiled
          with
          [
              Archive=boost::archive::binary_iarchive,
              T=const boost::serialization::nvp<Info>
          ]
  c:\program files\boost\boost_1_66_0\boost\archive\basic_binary_iarchive.hpp(75): note: see reference to function template instantiation 'void boost::archive::detail::common_iarchive<Archive>::load_override<T>(T &)' being compiled
          with
          [
              Archive=boost::archive::binary_iarchive,
              T=const boost::serialization::nvp<Info>
          ]
  c:\program files\boost\boost_1_66_0\boost\archive\basic_binary_iarchive.hpp(75): note: see reference to function template instantiation 'void boost::archive::detail::common_iarchive<Archive>::load_override<T>(T &)' being compiled
          with
          [
              Archive=boost::archive::binary_iarchive,
              T=const boost::serialization::nvp<Info>
          ]
  c:\program files\boost\boost_1_66_0\boost\archive\binary_iarchive_impl.hpp(58): note: see reference to function template instantiation 'void boost::archive::basic_binary_iarchive<Archive>::load_override<T>(T &)' being compiled
          with
          [
              Archive=boost::archive::binary_iarchive,
              T=const boost::serialization::nvp<Info>
          ]
  c:\program files\boost\boost_1_66_0\boost\archive\binary_iarchive_impl.hpp(58): note: see reference to function template instantiation 'void boost::archive::basic_binary_iarchive<Archive>::load_override<T>(T &)' being compiled
          with
          [
              Archive=boost::archive::binary_iarchive,
              T=const boost::serialization::nvp<Info>
          ]
  c:\program files\boost\boost_1_66_0\boost\archive\detail\interface_iarchive.hpp(68): note: see reference to function template instantiation 'void boost::archive::binary_iarchive_impl<boost::archive::binary_iarchive,char,std::char_traits<char>>::load_override<T>(T &)' being compiled
          with
          [
              T=const boost::serialization::nvp<Info>
          ]
  c:\program files\boost\boost_1_66_0\boost\archive\detail\interface_iarchive.hpp(68): note: see reference to function template instantiation 'void boost::archive::binary_iarchive_impl<boost::archive::binary_iarchive,char,std::char_traits<char>>::load_override<T>(T &)' being compiled
          with
          [
              T=const boost::serialization::nvp<Info>
          ]
  c:\program files\boost\boost_1_66_0\boost\serialization\collections_load_imp.hpp(73): note: see reference to function template instantiation 'Archive &boost::archive::detail::interface_iarchive<Archive>::operator >><const boost::serialization::nvp<Info>>(T &)' being compiled
          with
          [
              Archive=boost::archive::binary_iarchive,
              T=const boost::serialization::nvp<Info>
          ]
  c:\program files\boost\boost_1_66_0\boost\serialization\collections_load_imp.hpp(73): note: see reference to function template instantiation 'Archive &boost::archive::detail::interface_iarchive<Archive>::operator >><const boost::serialization::nvp<Info>>(T &)' being compiled
          with
          [
              Archive=boost::archive::binary_iarchive,
              T=const boost::serialization::nvp<Info>
          ]
  c:\program files\boost\boost_1_66_0\boost\serialization\vector.hpp(89): note: see reference to function template instantiation 'void boost::serialization::stl::collection_load_impl<Archive,std::vector<Info,std::allocator<_Ty>>>(Archive &,T &,boost::serialization::collection_size_type,boost::serialization::item_version_type)' being compiled
          with
          [
              Archive=boost::archive::binary_iarchive,
              _Ty=Info,
              T=std::vector<Info,std::allocator<Info>>
          ]
  c:\program files\boost\boost_1_66_0\boost\serialization\vector.hpp(165): note: see reference to function template instantiation 'void boost::serialization::load<Archive,Info,std::allocator<_Ty>>(Archive &,std::vector<_Ty,std::allocator<_Ty>> &,const unsigned int,boost::mpl::false_)' being compiled
          with
          [
              Archive=boost::archive::binary_iarchive,
              _Ty=Info
          ]
  c:\program files\boost\boost_1_66_0\boost\serialization\split_free.hpp(58): note: see reference to function template instantiation 'void boost::serialization::load<Archive,Info,std::allocator<_Ty>>(Archive &,std::vector<_Ty,std::allocator<_Ty>> &,const unsigned int)' being compiled
          with
          [
              Archive=boost::archive::binary_iarchive,
              _Ty=Info
          ]
  c:\program files\boost\boost_1_66_0\boost\serialization\split_free.hpp(54): note: while compiling class template member function 'void boost::serialization::free_loader<Archive,T>::invoke(Archive &,T &,const unsigned int)'
          with
          [
              Archive=boost::archive::binary_iarchive,
              T=std::vector<Info,std::allocator<Info>>
          ]
  c:\program files\boost\boost_1_66_0\boost\serialization\split_free.hpp(74): note: see reference to function template instantiation 'void boost::serialization::free_loader<Archive,T>::invoke(Archive &,T &,const unsigned int)' being compiled
          with
          [
              Archive=boost::archive::binary_iarchive,
              T=std::vector<Info,std::allocator<Info>>
          ]
  c:\program files\boost\boost_1_66_0\boost\serialization\split_free.hpp(74): note: see reference to class template instantiation 'boost::serialization::free_loader<Archive,T>' being compiled
          with
          [
              Archive=boost::archive::binary_iarchive,
              T=std::vector<Info,std::allocator<Info>>
          ]
  c:\program files\boost\boost_1_66_0\boost\serialization\vector.hpp(176): note: see reference to function template instantiation 'void boost::serialization::split_free<Archive,std::vector<Info,std::allocator<_Ty>>>(Archive &,T &,const unsigned int)' being compiled
          with
          [
              Archive=boost::archive::binary_iarchive,
              _Ty=Info,
              T=std::vector<Info,std::allocator<Info>>
          ]
  c:\program files\boost\boost_1_66_0\boost\serialization\serialization.hpp(126): note: see reference to function template instantiation 'void boost::serialization::serialize<Archive,Info,std::allocator<_Ty>>(Archive &,std::vector<_Ty,std::allocator<_Ty>> &,const unsigned int)' being compiled
          with
          [
              Archive=boost::archive::binary_iarchive,
              _Ty=Info
          ]
  c:\program files\boost\boost_1_66_0\boost\archive\detail\iserializer.hpp(193): note: see reference to function template instantiation 'void boost::serialization::serialize_adl<Archive,T>(Archive &,T &,const unsigned int)' being compiled
          with
          [
              Archive=boost::archive::binary_iarchive,
              T=std::vector<Info,std::allocator<Info>>
          ]
  c:\program files\boost\boost_1_66_0\boost\archive\detail\iserializer.hpp(171): note: while compiling class template member function 'void boost::archive::detail::iserializer<Archive,T>::load_object_data(boost::archive::detail::basic_iarchive &,void *,const unsigned int) const'
          with
          [
              Archive=boost::archive::binary_iarchive,
              T=std::vector<Info,std::allocator<Info>>
          ]
  c:\program files\boost\boost_1_66_0\boost\archive\detail\iserializer.hpp(416): note: see reference to class template instantiation 'boost::archive::detail::iserializer<Archive,T>' being compiled
          with
          [
              Archive=boost::archive::binary_iarchive,
              T=std::vector<Info,std::allocator<Info>>
          ]
  c:\program files\boost\boost_1_66_0\boost\archive\detail\iserializer.hpp(463): note: see reference to function template instantiation 'void boost::archive::detail::load_non_pointer_type<Archive>::load_standard::invoke<T>(Archive &,const T &)' being compiled
          with
          [
              Archive=boost::archive::binary_iarchive,
              T=std::vector<Info,std::allocator<Info>>
          ]
  c:\program files\boost\boost_1_66_0\boost\archive\detail\iserializer.hpp(463): note: see reference to function template instantiation 'void boost::archive::detail::load_non_pointer_type<Archive>::load_standard::invoke<T>(Archive &,const T &)' being compiled
          with
          [
              Archive=boost::archive::binary_iarchive,
              T=std::vector<Info,std::allocator<Info>>
          ]
  c:\program files\boost\boost_1_66_0\boost\archive\detail\iserializer.hpp(626): note: see reference to function template instantiation 'void boost::archive::detail::load_non_pointer_type<Archive>::invoke<T>(Archive &,T &)' being compiled
          with
          [
              Archive=boost::archive::binary_iarchive,
              T=std::vector<Info,std::allocator<Info>>
          ]
  c:\program files\boost\boost_1_66_0\boost\archive\detail\iserializer.hpp(626): note: see reference to function template instantiation 'void boost::archive::detail::load_non_pointer_type<Archive>::invoke<T>(Archive &,T &)' being compiled
          with
          [
              Archive=boost::archive::binary_iarchive,
              T=std::vector<Info,std::allocator<Info>>
          ]
  c:\program files\boost\boost_1_66_0\boost\archive\detail\common_iarchive.hpp(67): note: see reference to function template instantiation 'void boost::archive::load<Archive,T>(Archive &,T &)' being compiled
          with
          [
              Archive=boost::archive::binary_iarchive,
              T=std::vector<Info,std::allocator<Info>>
          ]
  c:\program files\boost\boost_1_66_0\boost\archive\basic_binary_iarchive.hpp(75): note: see reference to function template instantiation 'void boost::archive::detail::common_iarchive<Archive>::load_override<T>(T &)' being compiled
          with
          [
              Archive=boost::archive::binary_iarchive,
              T=std::vector<Info,std::allocator<Info>>
          ]
  c:\program files\boost\boost_1_66_0\boost\archive\basic_binary_iarchive.hpp(75): note: see reference to function template instantiation 'void boost::archive::detail::common_iarchive<Archive>::load_override<T>(T &)' being compiled
          with
          [
              Archive=boost::archive::binary_iarchive,
              T=std::vector<Info,std::allocator<Info>>
          ]
  c:\program files\boost\boost_1_66_0\boost\archive\binary_iarchive_impl.hpp(58): note: see reference to function template instantiation 'void boost::archive::basic_binary_iarchive<Archive>::load_override<T>(T &)' being compiled
          with
          [
              Archive=boost::archive::binary_iarchive,
              T=std::vector<Info,std::allocator<Info>>
          ]
  c:\program files\boost\boost_1_66_0\boost\archive\binary_iarchive_impl.hpp(58): note: see reference to function template instantiation 'void boost::archive::basic_binary_iarchive<Archive>::load_override<T>(T &)' being compiled
          with
          [
              Archive=boost::archive::binary_iarchive,
              T=std::vector<Info,std::allocator<Info>>
          ]
  c:\program files\boost\boost_1_66_0\boost\archive\detail\interface_iarchive.hpp(68): note: see reference to function template instantiation 'void boost::archive::binary_iarchive_impl<boost::archive::binary_iarchive,char,std::char_traits<char>>::load_override<T>(T &)' being compiled
          with
          [
              T=std::vector<Info,std::allocator<Info>>
          ]
  c:\program files\boost\boost_1_66_0\boost\archive\detail\interface_iarchive.hpp(68): note: see reference to function template instantiation 'void boost::archive::binary_iarchive_impl<boost::archive::binary_iarchive,char,std::char_traits<char>>::load_override<T>(T &)' being compiled
          with
          [
              T=std::vector<Info,std::allocator<Info>>
          ]
  d:\my_github_repos\code_practice\advance_concepts\file_handeling_and_data_serilization\boost_serialization\boost_serialization\main.cpp(80): note: see reference to function template instantiation 'Archive &boost::archive::detail::interface_iarchive<Archive>::operator >><std::vector<Info,std::allocator<_Ty>>>(T &)' being compiled
          with
          [
              Archive=boost::archive::binary_iarchive,
              _Ty=Info,
              T=std::vector<Info,std::allocator<Info>>
          ]
  d:\my_github_repos\code_practice\advance_concepts\file_handeling_and_data_serilization\boost_serialization\boost_serialization\main.cpp(80): note: see reference to function template instantiation 'Archive &boost::archive::detail::interface_iarchive<Archive>::operator >><std::vector<Info,std::allocator<_Ty>>>(T &)' being compiled
          with
          [
              Archive=boost::archive::binary_iarchive,
              _Ty=Info,
              T=std::vector<Info,std::allocator<Info>>
          ]
d:\my_github_repos\code_practice\advance_concepts\file_handeling_and_data_serilization\boost_serialization\boost_serialization\main.cpp(23): error C2059: syntax error: '.'
d:\my_github_repos\code_practice\advance_concepts\file_handeling_and_data_serilization\boost_serialization\boost_serialization\main.cpp(24): error C2143: syntax error: missing ';' before '{'
